<?xml version="1.0" encoding="UTF-8"?>
<!-- Generated by org.testng.reporters.JUnitXMLReporter -->
<testsuite ignored="0" hostname="LAPTOP-AV1UORPQ" failures="1" tests="1" name="Default test" time="17.709" errors="0" timestamp="2025-06-22T10:53:40 IST">
  <testcase classname="io.cucumber.testng.AbstractTestNGCucumberTests" name="runScenario" time="16.73">
    <failure type="java.lang.AssertionError" message="Registration/Login failed!">
      <![CDATA[java.lang.AssertionError: Registration/Login failed!
at stepdefinitions.SignupSteps.i_should_be_logged_in_successfully(SignupSteps.java:44)
at ✽.I should be logged in successfully(file:///C:/Users/shweta/eclipse-workspace/SeleniumProject/src/features/signup_login.feature:6)
]]>
    </failure>
  </testcase> <!-- runScenario -->
</testsuite> <!-- Default test -->
