<?xml version="1.0" encoding="UTF-8"?>
<testng-results ignored="0" total="1" passed="0" failed="1" skipped="0">
  <reporter-output>
  </reporter-output>
  <suite started-at="2025-06-22T10:53:22 IST" name="Default suite" finished-at="2025-06-22T10:53:40 IST" duration-ms="17709">
    <groups>
      <group name="cucumber">
        <method signature="AbstractTestNGCucumberTests.runScenario(io.cucumber.testng.PickleWrapper,io.cucumber.testng.FeatureWrapper)[pri:0, instance:testrunner.TestRunner@41c2284a]" name="runScenario" class="io.cucumber.testng.AbstractTestNGCucumberTests"/>
      </group> <!-- cucumber -->
    </groups>
    <test started-at="2025-06-22T10:53:22 IST" name="Default test" finished-at="2025-06-22T10:53:40 IST" duration-ms="17709">
      <class name="testrunner.TestRunner">
        <test-method is-config="true" signature="setUpClass(org.testng.ITestContext)[pri:0, instance:testrunner.TestRunner@41c2284a]" started-at="2025-06-22T10:53:22 IST" name="setUpClass" finished-at="2025-06-22T10:53:23 IST" duration-ms="849" status="PASS">
          <params>
            <param index="0">
              <value>
                <![CDATA[org.testng.TestRunner@4bafe935]]>
              </value>
            </param>
          </params>
          <reporter-output>
          </reporter-output>
        </test-method> <!-- setUpClass -->
        <test-method signature="runScenario(io.cucumber.testng.PickleWrapper,io.cucumber.testng.FeatureWrapper)[pri:0, instance:testrunner.TestRunner@41c2284a]" started-at="2025-06-22T10:53:23 IST" name="runScenario" description="Runs Cucumber Scenarios" data-provider="scenarios" finished-at="2025-06-22T10:53:40 IST" duration-ms="16730" status="FAIL">
          <params>
            <param index="0">
              <value>
                <![CDATA["Register a new user and log in"]]>
              </value>
            </param>
            <param index="1">
              <value>
                <![CDATA["User Registration and Login"]]>
              </value>
            </param>
          </params>
          <exception class="java.lang.AssertionError">
            <message>
              <![CDATA[Registration/Login failed!]]>
            </message>
            <full-stacktrace>
              <![CDATA[java.lang.AssertionError: Registration/Login failed!
at stepdefinitions.SignupSteps.i_should_be_logged_in_successfully(SignupSteps.java:44)
at âœ½.I should be logged in successfully(file:///C:/Users/shweta/eclipse-workspace/SeleniumProject/src/features/signup_login.feature:6)
]]>
            </full-stacktrace>
          </exception> <!-- java.lang.AssertionError -->
          <reporter-output>
          </reporter-output>
        </test-method> <!-- runScenario -->
        <test-method is-config="true" signature="tearDownClass()[pri:0, instance:testrunner.TestRunner@41c2284a]" started-at="2025-06-22T10:53:40 IST" name="tearDownClass" finished-at="2025-06-22T10:53:40 IST" duration-ms="53" status="PASS">
          <reporter-output>
          </reporter-output>
        </test-method> <!-- tearDownClass -->
      </class> <!-- testrunner.TestRunner -->
    </test> <!-- Default test -->
  </suite> <!-- Default suite -->
</testng-results>
