<?xml version="1.0" encoding="UTF-8"?>
<!-- Generated by org.testng.reporters.JUnitReportReporter -->
<testsuite hostname="LAPTOP-AV1UORPQ" failures="1" tests="1" name="testrunner.TestRunner" time="16.730" errors="0" timestamp="2025-06-22T10:53:40 IST" skipped="0">
  <testcase classname="testrunner.TestRunner" name="runScenario" time="16.730">
    <failure message="Registration/Login failed!" type="java.lang.AssertionError">
      <![CDATA[java.lang.AssertionError: Registration/Login failed!
at stepdefinitions.SignupSteps.i_should_be_logged_in_successfully(SignupSteps.java:44)
at ✽.I should be logged in successfully(file:///C:/Users/shweta/eclipse-workspace/SeleniumProject/src/features/signup_login.feature:6)
]]>
    </failure>
  </testcase> <!-- runScenario -->
</testsuite> <!-- testrunner.TestRunner -->
